[debug] [2020-06-19T20:00:51.964Z] ----------------------------------------------------------------------
[debug] [2020-06-19T20:00:51.965Z] Command:       /usr/local/bin/node /usr/local/bin/firebase emulators:start --only functions
[debug] [2020-06-19T20:00:51.965Z] CLI Version:   8.4.3
[debug] [2020-06-19T20:00:51.965Z] Platform:      linux
[debug] [2020-06-19T20:00:51.965Z] Node Version:  v12.18.0
[debug] [2020-06-19T20:00:51.966Z] Time:          Fri Jun 19 2020 16:00:51 GMT-0400 (Eastern Daylight Time)
[debug] [2020-06-19T20:00:51.966Z] ----------------------------------------------------------------------
[debug] [2020-06-19T20:00:51.966Z] 
[debug] [2020-06-19T20:00:51.969Z] > command requires scopes: ["email","openid","https://www.googleapis.com/auth/cloudplatformprojects.readonly","https://www.googleapis.com/auth/firebase","https://www.googleapis.com/auth/cloud-platform"]
[debug] [2020-06-19T20:00:51.969Z] > authorizing via signed-in user
[info] i  emulators: Starting emulators: functions {"metadata":{"emulator":{"name":"hub"},"message":"Starting emulators: functions"}}
[debug] [2020-06-19T20:00:51.980Z] [hub] writing locator at /tmp/hub-majora-563d6.json
[warn] ⚠  Your requested "node" version "10" doesn't match your global version "12" {"metadata":{"emulator":{"name":"functions"},"message":"Your requested \"node\" version \"10\" doesn't match your global version \"12\""}}
[debug] [2020-06-19T20:00:52.000Z] Ignoring unsupported arg: auto_download {"metadata":{"emulator":{"name":"ui"},"message":"Ignoring unsupported arg: auto_download"}}
[debug] [2020-06-19T20:00:52.000Z] Ignoring unsupported arg: port {"metadata":{"emulator":{"name":"ui"},"message":"Ignoring unsupported arg: port"}}
[debug] [2020-06-19T20:00:52.000Z] Starting Emulator UI with command {"binary":"node","args":["/root/.cache/firebase/emulators/ui-v1.1.0/server.bundle.js"],"optionalArgs":[],"joinArgs":false} {"metadata":{"emulator":{"name":"ui"},"message":"Starting Emulator UI with command {\"binary\":\"node\",\"args\":[\"/root/.cache/firebase/emulators/ui-v1.1.0/server.bundle.js\"],\"optionalArgs\":[],\"joinArgs\":false}"}}
[info] i  ui: Emulator UI logging to ui-debug.log {"metadata":{"emulator":{"name":"ui"},"message":"Emulator UI logging to \u001b[1mui-debug.log\u001b[22m"}}
[debug] [2020-06-19T20:00:52.052Z] Web / API server started at http://localhost:4000
 {"metadata":{"emulator":{"name":"ui"},"message":"Web / API server started at http://localhost:4000\n"}}
[info] i  functions: Watching "/home/wbonney/personal/majora/functions" for Cloud Functions... {"metadata":{"emulator":{"name":"functions"},"message":"Watching \"/home/wbonney/personal/majora/functions\" for Cloud Functions..."}}
[debug] [2020-06-19T20:00:52.262Z] [worker-pool] addWorker(~diagnostic~) {"metadata":{"emulator":{"name":"functions"},"message":"[worker-pool] addWorker(~diagnostic~)"}}
[debug] [2020-06-19T20:00:52.262Z] [worker-pool] Adding worker with key ~diagnostic~, total=1 {"metadata":{"emulator":{"name":"functions"},"message":"[worker-pool] Adding worker with key ~diagnostic~, total=1"}}
[debug] [2020-06-19T20:00:52.262Z] [worker-pool] submitWork(triggerId=) {"metadata":{"emulator":{"name":"functions"},"message":"[worker-pool] submitWork(triggerId=)"}}
[debug] [2020-06-19T20:00:52.262Z] [worker-~diagnostic~-971b977e-5742-4f71-8f07-6d1e35058589]: Assigning socketPath: /tmp/fire_emu_27716.sock {"metadata":{"emulator":{"name":"functions"},"message":"[worker-~diagnostic~-971b977e-5742-4f71-8f07-6d1e35058589]: Assigning socketPath: /tmp/fire_emu_27716.sock"}}
[debug] [2020-06-19T20:00:52.263Z] [worker-~diagnostic~-971b977e-5742-4f71-8f07-6d1e35058589]: BUSY {"metadata":{"emulator":{"name":"functions"},"message":"[worker-~diagnostic~-971b977e-5742-4f71-8f07-6d1e35058589]: BUSY"}}
[debug] [2020-06-19T20:00:52.403Z] [runtime-status] [27716] Functions runtime initialized. {"cwd":"/home/wbonney/personal/majora/functions","node_version":"12.18.0"} {"metadata":{"emulator":{"name":"functions"},"message":"[runtime-status] [27716] Functions runtime initialized. {\"cwd\":\"/home/wbonney/personal/majora/functions\",\"node_version\":\"12.18.0\"}"}}
[debug] [2020-06-19T20:00:52.404Z] [runtime-status] [27716] Disabled runtime features: undefined {"metadata":{"emulator":{"name":"functions"},"message":"[runtime-status] [27716] Disabled runtime features: undefined"}}
[debug] [2020-06-19T20:00:52.404Z] [runtime-status] [27716] Resolved module firebase-admin {"declared":true,"installed":true,"version":"8.12.1","resolution":"/home/wbonney/personal/majora/functions/node_modules/firebase-admin/lib/index.js"} {"metadata":{"emulator":{"name":"functions"},"message":"[runtime-status] [27716] Resolved module firebase-admin {\"declared\":true,\"installed\":true,\"version\":\"8.12.1\",\"resolution\":\"/home/wbonney/personal/majora/functions/node_modules/firebase-admin/lib/index.js\"}"}}
[debug] [2020-06-19T20:00:52.405Z] [runtime-status] [27716] Resolved module firebase-functions {"declared":true,"installed":true,"version":"3.7.0","resolution":"/home/wbonney/personal/majora/functions/node_modules/firebase-functions/lib/index.js"} {"metadata":{"emulator":{"name":"functions"},"message":"[runtime-status] [27716] Resolved module firebase-functions {\"declared\":true,\"installed\":true,\"version\":\"3.7.0\",\"resolution\":\"/home/wbonney/personal/majora/functions/node_modules/firebase-functions/lib/index.js\"}"}}
[warn] ⚠  functions: Your GOOGLE_APPLICATION_CREDENTIALS environment variable points to ./service_account_key.json. Non-emulated services will access production using these credentials. Be careful! {"metadata":{"emulator":{"name":"functions"},"message":"Your GOOGLE_APPLICATION_CREDENTIALS environment variable points to ./service_account_key.json. Non-emulated services will access production using these credentials. Be careful!"}}
[debug] [2020-06-19T20:00:52.407Z] [runtime-status] [27716] Outgoing network have been stubbed. [{"name":"http","status":"mocked"},{"name":"http","status":"mocked"},{"name":"https","status":"mocked"},{"name":"https","status":"mocked"},{"name":"net","status":"mocked"}] {"metadata":{"emulator":{"name":"functions"},"message":"[runtime-status] [27716] Outgoing network have been stubbed. [{\"name\":\"http\",\"status\":\"mocked\"},{\"name\":\"http\",\"status\":\"mocked\"},{\"name\":\"https\",\"status\":\"mocked\"},{\"name\":\"https\",\"status\":\"mocked\"},{\"name\":\"net\",\"status\":\"mocked\"}]"}}
[debug] [2020-06-19T20:00:52.407Z] [runtime-status] [27716] Resolved module firebase-functions {"declared":true,"installed":true,"version":"3.7.0","resolution":"/home/wbonney/personal/majora/functions/node_modules/firebase-functions/lib/index.js"} {"metadata":{"emulator":{"name":"functions"},"message":"[runtime-status] [27716] Resolved module firebase-functions {\"declared\":true,\"installed\":true,\"version\":\"3.7.0\",\"resolution\":\"/home/wbonney/personal/majora/functions/node_modules/firebase-functions/lib/index.js\"}"}}
[debug] [2020-06-19T20:00:52.426Z] [runtime-status] [27716] Checked functions.config() {"config":{}} {"metadata":{"emulator":{"name":"functions"},"message":"[runtime-status] [27716] Checked functions.config() {\"config\":{}}"}}
[debug] [2020-06-19T20:00:52.426Z] [runtime-status] [27716] firebase-functions has been stubbed. {"functionsResolution":{"declared":true,"installed":true,"version":"3.7.0","resolution":"/home/wbonney/personal/majora/functions/node_modules/firebase-functions/lib/index.js"}} {"metadata":{"emulator":{"name":"functions"},"message":"[runtime-status] [27716] firebase-functions has been stubbed. {\"functionsResolution\":{\"declared\":true,\"installed\":true,\"version\":\"3.7.0\",\"resolution\":\"/home/wbonney/personal/majora/functions/node_modules/firebase-functions/lib/index.js\"}}"}}
[debug] [2020-06-19T20:00:52.427Z] [runtime-status] [27716] Resolved module firebase-functions {"declared":true,"installed":true,"version":"3.7.0","resolution":"/home/wbonney/personal/majora/functions/node_modules/firebase-functions/lib/index.js"} {"metadata":{"emulator":{"name":"functions"},"message":"[runtime-status] [27716] Resolved module firebase-functions {\"declared\":true,\"installed\":true,\"version\":\"3.7.0\",\"resolution\":\"/home/wbonney/personal/majora/functions/node_modules/firebase-functions/lib/index.js\"}"}}
[debug] [2020-06-19T20:00:52.427Z] [runtime-status] [27716] Resolved module firebase-admin {"declared":true,"installed":true,"version":"8.12.1","resolution":"/home/wbonney/personal/majora/functions/node_modules/firebase-admin/lib/index.js"} {"metadata":{"emulator":{"name":"functions"},"message":"[runtime-status] [27716] Resolved module firebase-admin {\"declared\":true,\"installed\":true,\"version\":\"8.12.1\",\"resolution\":\"/home/wbonney/personal/majora/functions/node_modules/firebase-admin/lib/index.js\"}"}}
[debug] [2020-06-19T20:00:52.428Z] [runtime-status] [27716] Resolved module firebase-functions {"declared":true,"installed":true,"version":"3.7.0","resolution":"/home/wbonney/personal/majora/functions/node_modules/firebase-functions/lib/index.js"} {"metadata":{"emulator":{"name":"functions"},"message":"[runtime-status] [27716] Resolved module firebase-functions {\"declared\":true,\"installed\":true,\"version\":\"3.7.0\",\"resolution\":\"/home/wbonney/personal/majora/functions/node_modules/firebase-functions/lib/index.js\"}"}}
[debug] [2020-06-19T20:00:52.428Z] [runtime-status] [27716] firebase-admin has been stubbed. {"adminResolution":{"declared":true,"installed":true,"version":"8.12.1","resolution":"/home/wbonney/personal/majora/functions/node_modules/firebase-admin/lib/index.js"}} {"metadata":{"emulator":{"name":"functions"},"message":"[runtime-status] [27716] firebase-admin has been stubbed. {\"adminResolution\":{\"declared\":true,\"installed\":true,\"version\":\"8.12.1\",\"resolution\":\"/home/wbonney/personal/majora/functions/node_modules/firebase-admin/lib/index.js\"}}"}}
[debug] [2020-06-19T20:00:52.464Z] [runtime-status] [27716] initializeApp(DEFAULT) {"databaseURL":"https://majora-563d6.firebaseio.com","storageBucket":"majora-563d6.appspot.com","projectId":"majora-563d6"} {"metadata":{"emulator":{"name":"functions"},"message":"[runtime-status] [27716] initializeApp(DEFAULT) {\"databaseURL\":\"https://majora-563d6.firebaseio.com\",\"storageBucket\":\"majora-563d6.appspot.com\",\"projectId\":\"majora-563d6\"}"}}
[warn] ⚠  functions: The Cloud Firestore emulator is not running, so calls to Firestore will affect production. {"metadata":{"emulator":{"name":"functions"},"message":"The Cloud Firestore emulator is not running, so calls to Firestore will affect production."}}
[debug] [2020-06-19T20:00:52.618Z] Unsupported trigger: {"eventTrigger":{"resource":"projects/majora-563d6","eventType":"providers/firebase.auth/eventTypes/user.create","service":"firebaseauth.googleapis.com"},"name":"authOnCreate","entryPoint":"authOnCreate"} {"metadata":{"emulator":{"name":"functions"},"message":"Unsupported trigger: {\"eventTrigger\":{\"resource\":\"projects/majora-563d6\",\"eventType\":\"providers/firebase.auth/eventTypes/user.create\",\"service\":\"firebaseauth.googleapis.com\"},\"name\":\"authOnCreate\",\"entryPoint\":\"authOnCreate\"}"}}
[debug] [2020-06-19T20:00:52.618Z] Unsupported trigger: {"eventTrigger":{"resource":"projects/majora-563d6","eventType":"providers/firebase.auth/eventTypes/user.delete","service":"firebaseauth.googleapis.com"},"name":"authOnDelete","entryPoint":"authOnDelete"} {"metadata":{"emulator":{"name":"functions"},"message":"Unsupported trigger: {\"eventTrigger\":{\"resource\":\"projects/majora-563d6\",\"eventType\":\"providers/firebase.auth/eventTypes/user.delete\",\"service\":\"firebaseauth.googleapis.com\"},\"name\":\"authOnDelete\",\"entryPoint\":\"authOnDelete\"}"}}
[info] ✔  functions[cors]: http function initialized (http://localhost:5001/majora-563d6/us-central1/cors). {"metadata":{"emulator":{"name":"functions"},"message":"\u001b[1mhttp\u001b[22m function initialized (http://localhost:5001/majora-563d6/us-central1/cors)."}}
[info] ✔  functions[auth]: http function initialized (http://localhost:5001/majora-563d6/us-central1/auth). {"metadata":{"emulator":{"name":"functions"},"message":"\u001b[1mhttp\u001b[22m function initialized (http://localhost:5001/majora-563d6/us-central1/auth)."}}
[info] i  functions[authOnCreate]: function ignored because the auth emulator does not exist or is not running. {"metadata":{"emulator":{"name":"functions"},"message":"function ignored because the auth emulator does not exist or is not running."}}
[info] i  functions[authOnDelete]: function ignored because the auth emulator does not exist or is not running. {"metadata":{"emulator":{"name":"functions"},"message":"function ignored because the auth emulator does not exist or is not running."}}
[info] 
┌───────────────────────────────────────────────────────────────────────┐
│ ✔  All emulators ready! View status and logs at http://localhost:4000 │
└───────────────────────────────────────────────────────────────────────┘

┌───────────┬────────────────┬─────────────────────────────────┐
│ Emulator  │ Host:Port      │ View in Emulator UI             │
├───────────┼────────────────┼─────────────────────────────────┤
│ Functions │ localhost:5001 │ http://localhost:4000/functions │
└───────────┴────────────────┴─────────────────────────────────┘
  Other reserved ports: 4400, 4500

Issues? Report them at https://github.com/firebase/firebase-tools/issues and attach the *-debug.log files.
 
[debug] [2020-06-19T20:00:52.621Z] [worker-~diagnostic~-971b977e-5742-4f71-8f07-6d1e35058589]: IDLE {"metadata":{"emulator":{"name":"functions"},"message":"[worker-~diagnostic~-971b977e-5742-4f71-8f07-6d1e35058589]: IDLE"}}
[debug] [2020-06-19T20:01:01.858Z] [work-queue] {"queueLength":1,"workRunningCount":0}
[debug] [2020-06-19T20:01:01.858Z] [work-queue] {"queueLength":0,"workRunningCount":1}
[debug] [2020-06-19T20:01:01.858Z] Accepted request GET /majora-563d6/us-central1/auth/getUsersById?ids=lY0smzxg73M2BItZpGlKbRid4YB2 --> auth
[debug] [2020-06-19T20:01:01.861Z] [worker-pool] addWorker(auth) {"metadata":{"emulator":{"name":"functions"},"message":"[worker-pool] addWorker(auth)"}}
[debug] [2020-06-19T20:01:01.861Z] [worker-pool] Adding worker with key auth, total=1 {"metadata":{"emulator":{"name":"functions"},"message":"[worker-pool] Adding worker with key auth, total=1"}}
[debug] [2020-06-19T20:01:01.861Z] [worker-pool] submitWork(triggerId=auth) {"metadata":{"emulator":{"name":"functions"},"message":"[worker-pool] submitWork(triggerId=auth)"}}
[debug] [2020-06-19T20:01:01.861Z] [worker-auth-e966c852-7429-4f65-a3eb-89af049d871f]: Assigning socketPath: /tmp/fire_emu_27726.sock {"metadata":{"emulator":{"name":"functions"},"message":"[worker-auth-e966c852-7429-4f65-a3eb-89af049d871f]: Assigning socketPath: /tmp/fire_emu_27726.sock"}}
[debug] [2020-06-19T20:01:01.862Z] [worker-auth-e966c852-7429-4f65-a3eb-89af049d871f]: BUSY {"metadata":{"emulator":{"name":"functions"},"message":"[worker-auth-e966c852-7429-4f65-a3eb-89af049d871f]: BUSY"}}
[debug] [2020-06-19T20:01:02.015Z] [runtime-status] [27726] Functions runtime initialized. {"cwd":"/home/wbonney/personal/majora/functions","node_version":"12.18.0"} {"metadata":{"emulator":{"name":"functions"},"function":{"name":"auth"},"message":"[runtime-status] [27726] Functions runtime initialized. {\"cwd\":\"/home/wbonney/personal/majora/functions\",\"node_version\":\"12.18.0\"}"}}
[debug] [2020-06-19T20:01:02.016Z] [runtime-status] [27726] Disabled runtime features: undefined {"metadata":{"emulator":{"name":"functions"},"function":{"name":"auth"},"message":"[runtime-status] [27726] Disabled runtime features: undefined"}}
[debug] [2020-06-19T20:01:02.017Z] [runtime-status] [27726] Resolved module firebase-admin {"declared":true,"installed":true,"version":"8.12.1","resolution":"/home/wbonney/personal/majora/functions/node_modules/firebase-admin/lib/index.js"} {"metadata":{"emulator":{"name":"functions"},"function":{"name":"auth"},"message":"[runtime-status] [27726] Resolved module firebase-admin {\"declared\":true,\"installed\":true,\"version\":\"8.12.1\",\"resolution\":\"/home/wbonney/personal/majora/functions/node_modules/firebase-admin/lib/index.js\"}"}}
[debug] [2020-06-19T20:01:02.017Z] [runtime-status] [27726] Resolved module firebase-functions {"declared":true,"installed":true,"version":"3.7.0","resolution":"/home/wbonney/personal/majora/functions/node_modules/firebase-functions/lib/index.js"} {"metadata":{"emulator":{"name":"functions"},"function":{"name":"auth"},"message":"[runtime-status] [27726] Resolved module firebase-functions {\"declared\":true,\"installed\":true,\"version\":\"3.7.0\",\"resolution\":\"/home/wbonney/personal/majora/functions/node_modules/firebase-functions/lib/index.js\"}"}}
[warn] ⚠  functions: Your GOOGLE_APPLICATION_CREDENTIALS environment variable points to ./service_account_key.json. Non-emulated services will access production using these credentials. Be careful! {"metadata":{"emulator":{"name":"functions"},"function":{"name":"auth"},"message":"Your GOOGLE_APPLICATION_CREDENTIALS environment variable points to ./service_account_key.json. Non-emulated services will access production using these credentials. Be careful!"}}
[debug] [2020-06-19T20:01:02.020Z] [runtime-status] [27726] Outgoing network have been stubbed. [{"name":"http","status":"mocked"},{"name":"http","status":"mocked"},{"name":"https","status":"mocked"},{"name":"https","status":"mocked"},{"name":"net","status":"mocked"}] {"metadata":{"emulator":{"name":"functions"},"function":{"name":"auth"},"message":"[runtime-status] [27726] Outgoing network have been stubbed. [{\"name\":\"http\",\"status\":\"mocked\"},{\"name\":\"http\",\"status\":\"mocked\"},{\"name\":\"https\",\"status\":\"mocked\"},{\"name\":\"https\",\"status\":\"mocked\"},{\"name\":\"net\",\"status\":\"mocked\"}]"}}
[debug] [2020-06-19T20:01:02.020Z] [runtime-status] [27726] Resolved module firebase-functions {"declared":true,"installed":true,"version":"3.7.0","resolution":"/home/wbonney/personal/majora/functions/node_modules/firebase-functions/lib/index.js"} {"metadata":{"emulator":{"name":"functions"},"function":{"name":"auth"},"message":"[runtime-status] [27726] Resolved module firebase-functions {\"declared\":true,\"installed\":true,\"version\":\"3.7.0\",\"resolution\":\"/home/wbonney/personal/majora/functions/node_modules/firebase-functions/lib/index.js\"}"}}
[debug] [2020-06-19T20:01:02.040Z] [runtime-status] [27726] Checked functions.config() {"config":{}} {"metadata":{"emulator":{"name":"functions"},"function":{"name":"auth"},"message":"[runtime-status] [27726] Checked functions.config() {\"config\":{}}"}}
[debug] [2020-06-19T20:01:02.040Z] [runtime-status] [27726] firebase-functions has been stubbed. {"functionsResolution":{"declared":true,"installed":true,"version":"3.7.0","resolution":"/home/wbonney/personal/majora/functions/node_modules/firebase-functions/lib/index.js"}} {"metadata":{"emulator":{"name":"functions"},"function":{"name":"auth"},"message":"[runtime-status] [27726] firebase-functions has been stubbed. {\"functionsResolution\":{\"declared\":true,\"installed\":true,\"version\":\"3.7.0\",\"resolution\":\"/home/wbonney/personal/majora/functions/node_modules/firebase-functions/lib/index.js\"}}"}}
[debug] [2020-06-19T20:01:02.040Z] [runtime-status] [27726] Resolved module firebase-functions {"declared":true,"installed":true,"version":"3.7.0","resolution":"/home/wbonney/personal/majora/functions/node_modules/firebase-functions/lib/index.js"} {"metadata":{"emulator":{"name":"functions"},"function":{"name":"auth"},"message":"[runtime-status] [27726] Resolved module firebase-functions {\"declared\":true,\"installed\":true,\"version\":\"3.7.0\",\"resolution\":\"/home/wbonney/personal/majora/functions/node_modules/firebase-functions/lib/index.js\"}"}}
[debug] [2020-06-19T20:01:02.041Z] [runtime-status] [27726] Resolved module firebase-admin {"declared":true,"installed":true,"version":"8.12.1","resolution":"/home/wbonney/personal/majora/functions/node_modules/firebase-admin/lib/index.js"} {"metadata":{"emulator":{"name":"functions"},"function":{"name":"auth"},"message":"[runtime-status] [27726] Resolved module firebase-admin {\"declared\":true,\"installed\":true,\"version\":\"8.12.1\",\"resolution\":\"/home/wbonney/personal/majora/functions/node_modules/firebase-admin/lib/index.js\"}"}}
[debug] [2020-06-19T20:01:02.041Z] [runtime-status] [27726] Resolved module firebase-functions {"declared":true,"installed":true,"version":"3.7.0","resolution":"/home/wbonney/personal/majora/functions/node_modules/firebase-functions/lib/index.js"} {"metadata":{"emulator":{"name":"functions"},"function":{"name":"auth"},"message":"[runtime-status] [27726] Resolved module firebase-functions {\"declared\":true,\"installed\":true,\"version\":\"3.7.0\",\"resolution\":\"/home/wbonney/personal/majora/functions/node_modules/firebase-functions/lib/index.js\"}"}}
[debug] [2020-06-19T20:01:02.041Z] [runtime-status] [27726] firebase-admin has been stubbed. {"adminResolution":{"declared":true,"installed":true,"version":"8.12.1","resolution":"/home/wbonney/personal/majora/functions/node_modules/firebase-admin/lib/index.js"}} {"metadata":{"emulator":{"name":"functions"},"function":{"name":"auth"},"message":"[runtime-status] [27726] firebase-admin has been stubbed. {\"adminResolution\":{\"declared\":true,\"installed\":true,\"version\":\"8.12.1\",\"resolution\":\"/home/wbonney/personal/majora/functions/node_modules/firebase-admin/lib/index.js\"}}"}}
[debug] [2020-06-19T20:01:02.061Z] [runtime-status] [27726] initializeApp(DEFAULT) {"databaseURL":"https://majora-563d6.firebaseio.com","storageBucket":"majora-563d6.appspot.com","projectId":"majora-563d6"} {"metadata":{"emulator":{"name":"functions"},"function":{"name":"auth"},"message":"[runtime-status] [27726] initializeApp(DEFAULT) {\"databaseURL\":\"https://majora-563d6.firebaseio.com\",\"storageBucket\":\"majora-563d6.appspot.com\",\"projectId\":\"majora-563d6\"}"}}
[warn] ⚠  functions: The Cloud Firestore emulator is not running, so calls to Firestore will affect production. {"metadata":{"emulator":{"name":"functions"},"function":{"name":"auth"},"message":"The Cloud Firestore emulator is not running, so calls to Firestore will affect production."}}
[debug] [2020-06-19T20:01:02.210Z] [runtime-status] [27726] Trigger "auth" has been found, beginning invocation! {"metadata":{"emulator":{"name":"functions"},"function":{"name":"auth"},"message":"[runtime-status] [27726] Trigger \"auth\" has been found, beginning invocation!"}}
[info] i  functions: Beginning execution of "auth" {"metadata":{"emulator":{"name":"functions"},"function":{"name":"auth"},"message":"Beginning execution of \"auth\""}}
[debug] [2020-06-19T20:01:02.211Z] [runtime-status] [27726] triggerDefinition {"httpsTrigger":{},"name":"auth","entryPoint":"auth"} {"metadata":{"emulator":{"name":"functions"},"function":{"name":"auth"},"message":"[runtime-status] [27726] triggerDefinition {\"httpsTrigger\":{},\"name\":\"auth\",\"entryPoint\":\"auth\"}"}}
[debug] [2020-06-19T20:01:02.211Z] [runtime-status] [27726] Running auth in mode HTTPS {"metadata":{"emulator":{"name":"functions"},"function":{"name":"auth"},"message":"[runtime-status] [27726] Running auth in mode HTTPS"}}
[debug] [2020-06-19T20:01:02.212Z] [runtime-status] [27726] Attempting to listen to socketPath: /tmp/fire_emu_27726.sock {"metadata":{"emulator":{"name":"functions"},"function":{"name":"auth"},"message":"[runtime-status] [27726] Attempting to listen to socketPath: /tmp/fire_emu_27726.sock"}}
[debug] [2020-06-19T20:01:02.214Z] [functions] Runtime ready! Sending request! {"metadata":{"emulator":{"name":"functions"},"message":"[functions] Runtime ready! Sending request!"}}
[debug] [2020-06-19T20:01:02.219Z] [runtime-status] [27726] Ephemeral server handling GET request {"metadata":{"emulator":{"name":"functions"},"function":{"name":"auth"},"message":"[runtime-status] [27726] Ephemeral server handling GET request"}}
[info] >  in route {"user":"in route","metadata":{"emulator":{"name":"functions"},"function":{"name":"auth"},"message":"\u001b[90m> \u001b[39m in route"}}
[debug] [2020-06-19T20:01:02.232Z] [runtime-status] [27726] Ephemeral server survived. {"metadata":{"emulator":{"name":"functions"},"function":{"name":"auth"},"message":"[runtime-status] [27726] Ephemeral server survived."}}
[info] i  functions: Finished "auth" in ~1s {"metadata":{"emulator":{"name":"functions"},"function":{"name":"auth"},"message":"Finished \"auth\" in ~1s"}}
[debug] [2020-06-19T20:01:02.392Z] [worker-auth-e966c852-7429-4f65-a3eb-89af049d871f]: IDLE {"metadata":{"emulator":{"name":"functions"},"message":"[worker-auth-e966c852-7429-4f65-a3eb-89af049d871f]: IDLE"}}
[debug] [2020-06-19T20:01:02.392Z] [work-queue] {"queueLength":0,"workRunningCount":0}
[debug] [2020-06-19T20:04:32.139Z] [work-queue] {"queueLength":1,"workRunningCount":0}
[debug] [2020-06-19T20:04:32.139Z] [work-queue] {"queueLength":0,"workRunningCount":1}
[debug] [2020-06-19T20:04:32.139Z] Accepted request GET /majora-563d6/us-central1/auth/getUsersById?ids=lY0smzxg73M2BItZpGlKbRid4YB2 --> auth
[debug] [2020-06-19T20:04:32.139Z] [worker-pool] submitWork(triggerId=auth) {"metadata":{"emulator":{"name":"functions"},"message":"[worker-pool] submitWork(triggerId=auth)"}}
[debug] [2020-06-19T20:04:32.139Z] [worker-auth-e966c852-7429-4f65-a3eb-89af049d871f]: Assigning socketPath: /tmp/fire_emu_27726.sock {"metadata":{"emulator":{"name":"functions"},"message":"[worker-auth-e966c852-7429-4f65-a3eb-89af049d871f]: Assigning socketPath: /tmp/fire_emu_27726.sock"}}
[debug] [2020-06-19T20:04:32.139Z] [worker-auth-e966c852-7429-4f65-a3eb-89af049d871f]: BUSY {"metadata":{"emulator":{"name":"functions"},"message":"[worker-auth-e966c852-7429-4f65-a3eb-89af049d871f]: BUSY"}}
[debug] [2020-06-19T20:04:32.140Z] [runtime-status] [27726] Trigger "auth" has been found, beginning invocation! {"metadata":{"emulator":{"name":"functions"},"function":{"name":"auth"},"message":"[runtime-status] [27726] Trigger \"auth\" has been found, beginning invocation!"}}
[info] i  functions: Beginning execution of "auth" {"metadata":{"emulator":{"name":"functions"},"function":{"name":"auth"},"message":"Beginning execution of \"auth\""}}
[debug] [2020-06-19T20:04:32.141Z] [runtime-status] [27726] triggerDefinition {"httpsTrigger":{},"name":"auth","entryPoint":"auth"} {"metadata":{"emulator":{"name":"functions"},"function":{"name":"auth"},"message":"[runtime-status] [27726] triggerDefinition {\"httpsTrigger\":{},\"name\":\"auth\",\"entryPoint\":\"auth\"}"}}
[debug] [2020-06-19T20:04:32.141Z] [runtime-status] [27726] Running auth in mode HTTPS {"metadata":{"emulator":{"name":"functions"},"function":{"name":"auth"},"message":"[runtime-status] [27726] Running auth in mode HTTPS"}}
[debug] [2020-06-19T20:04:32.141Z] [runtime-status] [27726] Attempting to listen to socketPath: /tmp/fire_emu_27726.sock {"metadata":{"emulator":{"name":"functions"},"function":{"name":"auth"},"message":"[runtime-status] [27726] Attempting to listen to socketPath: /tmp/fire_emu_27726.sock"}}
[debug] [2020-06-19T20:04:32.142Z] [functions] Runtime ready! Sending request! {"metadata":{"emulator":{"name":"functions"},"message":"[functions] Runtime ready! Sending request!"}}
[debug] [2020-06-19T20:04:32.144Z] [runtime-status] [27726] Ephemeral server handling GET request {"metadata":{"emulator":{"name":"functions"},"function":{"name":"auth"},"message":"[runtime-status] [27726] Ephemeral server handling GET request"}}
[debug] [2020-06-19T20:04:32.144Z] [runtime-status] [27726] Ephemeral server survived. {"metadata":{"emulator":{"name":"functions"},"function":{"name":"auth"},"message":"[runtime-status] [27726] Ephemeral server survived."}}
[info] >  in route {"user":"in route","metadata":{"emulator":{"name":"functions"},"function":{"name":"auth"},"message":"\u001b[90m> \u001b[39m in route"}}
[info] i  functions: Finished "auth" in ~1s {"metadata":{"emulator":{"name":"functions"},"function":{"name":"auth"},"message":"Finished \"auth\" in ~1s"}}
[debug] [2020-06-19T20:04:32.442Z] [worker-auth-e966c852-7429-4f65-a3eb-89af049d871f]: IDLE {"metadata":{"emulator":{"name":"functions"},"message":"[worker-auth-e966c852-7429-4f65-a3eb-89af049d871f]: IDLE"}}
[debug] [2020-06-19T20:04:32.442Z] [work-queue] {"queueLength":0,"workRunningCount":0}
[debug] [2020-06-19T20:04:59.123Z] [work-queue] {"queueLength":1,"workRunningCount":0}
[debug] [2020-06-19T20:04:59.123Z] [work-queue] {"queueLength":0,"workRunningCount":1}
[debug] [2020-06-19T20:04:59.123Z] Accepted request GET /majora-563d6/us-central1/auth/getUsersById?ids=lY0smzxg73M2BItZpGlKbRid4YB2 --> auth
[debug] [2020-06-19T20:04:59.124Z] [worker-pool] submitWork(triggerId=auth) {"metadata":{"emulator":{"name":"functions"},"message":"[worker-pool] submitWork(triggerId=auth)"}}
[debug] [2020-06-19T20:04:59.124Z] [worker-auth-e966c852-7429-4f65-a3eb-89af049d871f]: Assigning socketPath: /tmp/fire_emu_27726.sock {"metadata":{"emulator":{"name":"functions"},"message":"[worker-auth-e966c852-7429-4f65-a3eb-89af049d871f]: Assigning socketPath: /tmp/fire_emu_27726.sock"}}
[debug] [2020-06-19T20:04:59.124Z] [worker-auth-e966c852-7429-4f65-a3eb-89af049d871f]: BUSY {"metadata":{"emulator":{"name":"functions"},"message":"[worker-auth-e966c852-7429-4f65-a3eb-89af049d871f]: BUSY"}}
[debug] [2020-06-19T20:04:59.125Z] [runtime-status] [27726] Trigger "auth" has been found, beginning invocation! {"metadata":{"emulator":{"name":"functions"},"function":{"name":"auth"},"message":"[runtime-status] [27726] Trigger \"auth\" has been found, beginning invocation!"}}
[info] i  functions: Beginning execution of "auth" {"metadata":{"emulator":{"name":"functions"},"function":{"name":"auth"},"message":"Beginning execution of \"auth\""}}
[debug] [2020-06-19T20:04:59.125Z] [runtime-status] [27726] triggerDefinition {"httpsTrigger":{},"name":"auth","entryPoint":"auth"} {"metadata":{"emulator":{"name":"functions"},"function":{"name":"auth"},"message":"[runtime-status] [27726] triggerDefinition {\"httpsTrigger\":{},\"name\":\"auth\",\"entryPoint\":\"auth\"}"}}
[debug] [2020-06-19T20:04:59.126Z] [runtime-status] [27726] Running auth in mode HTTPS {"metadata":{"emulator":{"name":"functions"},"function":{"name":"auth"},"message":"[runtime-status] [27726] Running auth in mode HTTPS"}}
[debug] [2020-06-19T20:04:59.126Z] [runtime-status] [27726] Attempting to listen to socketPath: /tmp/fire_emu_27726.sock {"metadata":{"emulator":{"name":"functions"},"function":{"name":"auth"},"message":"[runtime-status] [27726] Attempting to listen to socketPath: /tmp/fire_emu_27726.sock"}}
[debug] [2020-06-19T20:04:59.126Z] [functions] Runtime ready! Sending request! {"metadata":{"emulator":{"name":"functions"},"message":"[functions] Runtime ready! Sending request!"}}
[debug] [2020-06-19T20:04:59.130Z] [runtime-status] [27726] Ephemeral server handling GET request {"metadata":{"emulator":{"name":"functions"},"function":{"name":"auth"},"message":"[runtime-status] [27726] Ephemeral server handling GET request"}}
[debug] [2020-06-19T20:04:59.130Z] [runtime-status] [27726] Ephemeral server survived. {"metadata":{"emulator":{"name":"functions"},"function":{"name":"auth"},"message":"[runtime-status] [27726] Ephemeral server survived."}}
[info] >  in route {"user":"in route","metadata":{"emulator":{"name":"functions"},"function":{"name":"auth"},"message":"\u001b[90m> \u001b[39m in route"}}
[info] i  functions: Finished "auth" in ~1s {"metadata":{"emulator":{"name":"functions"},"function":{"name":"auth"},"message":"Finished \"auth\" in ~1s"}}
[debug] [2020-06-19T20:04:59.328Z] [worker-auth-e966c852-7429-4f65-a3eb-89af049d871f]: IDLE {"metadata":{"emulator":{"name":"functions"},"message":"[worker-auth-e966c852-7429-4f65-a3eb-89af049d871f]: IDLE"}}
[debug] [2020-06-19T20:04:59.328Z] [work-queue] {"queueLength":0,"workRunningCount":0}
[debug] [2020-06-19T20:05:55.009Z] [work-queue] {"queueLength":1,"workRunningCount":0}
[debug] [2020-06-19T20:05:55.010Z] [work-queue] {"queueLength":0,"workRunningCount":1}
[debug] [2020-06-19T20:05:55.010Z] Accepted request GET /majora-563d6/us-central1/auth/getUsersById?ids=lY0smzxg73M2BItZpGlKbRid4YB2 --> auth
[debug] [2020-06-19T20:05:55.010Z] [worker-pool] submitWork(triggerId=auth) {"metadata":{"emulator":{"name":"functions"},"message":"[worker-pool] submitWork(triggerId=auth)"}}
[debug] [2020-06-19T20:05:55.011Z] [worker-auth-e966c852-7429-4f65-a3eb-89af049d871f]: Assigning socketPath: /tmp/fire_emu_27726.sock {"metadata":{"emulator":{"name":"functions"},"message":"[worker-auth-e966c852-7429-4f65-a3eb-89af049d871f]: Assigning socketPath: /tmp/fire_emu_27726.sock"}}
[debug] [2020-06-19T20:05:55.011Z] [worker-auth-e966c852-7429-4f65-a3eb-89af049d871f]: BUSY {"metadata":{"emulator":{"name":"functions"},"message":"[worker-auth-e966c852-7429-4f65-a3eb-89af049d871f]: BUSY"}}
[debug] [2020-06-19T20:05:55.012Z] [runtime-status] [27726] Trigger "auth" has been found, beginning invocation! {"metadata":{"emulator":{"name":"functions"},"function":{"name":"auth"},"message":"[runtime-status] [27726] Trigger \"auth\" has been found, beginning invocation!"}}
[info] i  functions: Beginning execution of "auth" {"metadata":{"emulator":{"name":"functions"},"function":{"name":"auth"},"message":"Beginning execution of \"auth\""}}
[debug] [2020-06-19T20:05:55.013Z] [runtime-status] [27726] triggerDefinition {"httpsTrigger":{},"name":"auth","entryPoint":"auth"} {"metadata":{"emulator":{"name":"functions"},"function":{"name":"auth"},"message":"[runtime-status] [27726] triggerDefinition {\"httpsTrigger\":{},\"name\":\"auth\",\"entryPoint\":\"auth\"}"}}
[debug] [2020-06-19T20:05:55.013Z] [runtime-status] [27726] Running auth in mode HTTPS {"metadata":{"emulator":{"name":"functions"},"function":{"name":"auth"},"message":"[runtime-status] [27726] Running auth in mode HTTPS"}}
[debug] [2020-06-19T20:05:55.013Z] [runtime-status] [27726] Attempting to listen to socketPath: /tmp/fire_emu_27726.sock {"metadata":{"emulator":{"name":"functions"},"function":{"name":"auth"},"message":"[runtime-status] [27726] Attempting to listen to socketPath: /tmp/fire_emu_27726.sock"}}
[debug] [2020-06-19T20:05:55.013Z] [functions] Runtime ready! Sending request! {"metadata":{"emulator":{"name":"functions"},"message":"[functions] Runtime ready! Sending request!"}}
[debug] [2020-06-19T20:05:55.016Z] [runtime-status] [27726] Ephemeral server handling GET request {"metadata":{"emulator":{"name":"functions"},"function":{"name":"auth"},"message":"[runtime-status] [27726] Ephemeral server handling GET request"}}
[debug] [2020-06-19T20:05:55.016Z] [runtime-status] [27726] Ephemeral server survived. {"metadata":{"emulator":{"name":"functions"},"function":{"name":"auth"},"message":"[runtime-status] [27726] Ephemeral server survived."}}
[info] >  in route {"user":"in route","metadata":{"emulator":{"name":"functions"},"function":{"name":"auth"},"message":"\u001b[90m> \u001b[39m in route"}}
[info] i  functions: Finished "auth" in ~1s {"metadata":{"emulator":{"name":"functions"},"function":{"name":"auth"},"message":"Finished \"auth\" in ~1s"}}
[debug] [2020-06-19T20:05:55.179Z] [worker-auth-e966c852-7429-4f65-a3eb-89af049d871f]: IDLE {"metadata":{"emulator":{"name":"functions"},"message":"[worker-auth-e966c852-7429-4f65-a3eb-89af049d871f]: IDLE"}}
[debug] [2020-06-19T20:05:55.179Z] [work-queue] {"queueLength":0,"workRunningCount":0}
[debug] [2020-06-19T20:06:13.015Z] [work-queue] {"queueLength":1,"workRunningCount":0}
[debug] [2020-06-19T20:06:13.016Z] [work-queue] {"queueLength":0,"workRunningCount":1}
[debug] [2020-06-19T20:06:13.016Z] Accepted request GET /majora-563d6/us-central1/auth/getUsersById?ids=lY0smzxg73M2BItZpGlKbRid4YB2 --> auth
[debug] [2020-06-19T20:06:13.016Z] [worker-pool] submitWork(triggerId=auth) {"metadata":{"emulator":{"name":"functions"},"message":"[worker-pool] submitWork(triggerId=auth)"}}
[debug] [2020-06-19T20:06:13.016Z] [worker-auth-e966c852-7429-4f65-a3eb-89af049d871f]: Assigning socketPath: /tmp/fire_emu_27726.sock {"metadata":{"emulator":{"name":"functions"},"message":"[worker-auth-e966c852-7429-4f65-a3eb-89af049d871f]: Assigning socketPath: /tmp/fire_emu_27726.sock"}}
[debug] [2020-06-19T20:06:13.016Z] [worker-auth-e966c852-7429-4f65-a3eb-89af049d871f]: BUSY {"metadata":{"emulator":{"name":"functions"},"message":"[worker-auth-e966c852-7429-4f65-a3eb-89af049d871f]: BUSY"}}
[debug] [2020-06-19T20:06:13.017Z] [runtime-status] [27726] Trigger "auth" has been found, beginning invocation! {"metadata":{"emulator":{"name":"functions"},"function":{"name":"auth"},"message":"[runtime-status] [27726] Trigger \"auth\" has been found, beginning invocation!"}}
[info] i  functions: Beginning execution of "auth" {"metadata":{"emulator":{"name":"functions"},"function":{"name":"auth"},"message":"Beginning execution of \"auth\""}}
[debug] [2020-06-19T20:06:13.018Z] [runtime-status] [27726] triggerDefinition {"httpsTrigger":{},"name":"auth","entryPoint":"auth"} {"metadata":{"emulator":{"name":"functions"},"function":{"name":"auth"},"message":"[runtime-status] [27726] triggerDefinition {\"httpsTrigger\":{},\"name\":\"auth\",\"entryPoint\":\"auth\"}"}}
[debug] [2020-06-19T20:06:13.018Z] [runtime-status] [27726] Running auth in mode HTTPS {"metadata":{"emulator":{"name":"functions"},"function":{"name":"auth"},"message":"[runtime-status] [27726] Running auth in mode HTTPS"}}
[debug] [2020-06-19T20:06:13.018Z] [runtime-status] [27726] Attempting to listen to socketPath: /tmp/fire_emu_27726.sock {"metadata":{"emulator":{"name":"functions"},"function":{"name":"auth"},"message":"[runtime-status] [27726] Attempting to listen to socketPath: /tmp/fire_emu_27726.sock"}}
[debug] [2020-06-19T20:06:13.018Z] [functions] Runtime ready! Sending request! {"metadata":{"emulator":{"name":"functions"},"message":"[functions] Runtime ready! Sending request!"}}
[debug] [2020-06-19T20:06:13.021Z] [runtime-status] [27726] Ephemeral server handling GET request {"metadata":{"emulator":{"name":"functions"},"function":{"name":"auth"},"message":"[runtime-status] [27726] Ephemeral server handling GET request"}}
[debug] [2020-06-19T20:06:13.022Z] [runtime-status] [27726] Ephemeral server survived. {"metadata":{"emulator":{"name":"functions"},"function":{"name":"auth"},"message":"[runtime-status] [27726] Ephemeral server survived."}}
[info] >  in route {"user":"in route","metadata":{"emulator":{"name":"functions"},"function":{"name":"auth"},"message":"\u001b[90m> \u001b[39m in route"}}
[info] i  functions: Finished "auth" in ~1s {"metadata":{"emulator":{"name":"functions"},"function":{"name":"auth"},"message":"Finished \"auth\" in ~1s"}}
[debug] [2020-06-19T20:06:13.202Z] [worker-auth-e966c852-7429-4f65-a3eb-89af049d871f]: IDLE {"metadata":{"emulator":{"name":"functions"},"message":"[worker-auth-e966c852-7429-4f65-a3eb-89af049d871f]: IDLE"}}
[debug] [2020-06-19T20:06:13.203Z] [work-queue] {"queueLength":0,"workRunningCount":0}
[debug] [2020-06-19T20:06:37.400Z] [work-queue] {"queueLength":1,"workRunningCount":0}
[debug] [2020-06-19T20:06:37.400Z] [work-queue] {"queueLength":0,"workRunningCount":1}
[debug] [2020-06-19T20:06:37.400Z] Accepted request GET /majora-563d6/us-central1/auth/getUsersById?ids=lY0smzxg73M2BItZpGlKbRid4YB2 --> auth
[debug] [2020-06-19T20:06:37.400Z] [worker-pool] submitWork(triggerId=auth) {"metadata":{"emulator":{"name":"functions"},"message":"[worker-pool] submitWork(triggerId=auth)"}}
[debug] [2020-06-19T20:06:37.400Z] [worker-auth-e966c852-7429-4f65-a3eb-89af049d871f]: Assigning socketPath: /tmp/fire_emu_27726.sock {"metadata":{"emulator":{"name":"functions"},"message":"[worker-auth-e966c852-7429-4f65-a3eb-89af049d871f]: Assigning socketPath: /tmp/fire_emu_27726.sock"}}
[debug] [2020-06-19T20:06:37.401Z] [worker-auth-e966c852-7429-4f65-a3eb-89af049d871f]: BUSY {"metadata":{"emulator":{"name":"functions"},"message":"[worker-auth-e966c852-7429-4f65-a3eb-89af049d871f]: BUSY"}}
[debug] [2020-06-19T20:06:37.403Z] [runtime-status] [27726] Trigger "auth" has been found, beginning invocation! {"metadata":{"emulator":{"name":"functions"},"function":{"name":"auth"},"message":"[runtime-status] [27726] Trigger \"auth\" has been found, beginning invocation!"}}
[info] i  functions: Beginning execution of "auth" {"metadata":{"emulator":{"name":"functions"},"function":{"name":"auth"},"message":"Beginning execution of \"auth\""}}
[debug] [2020-06-19T20:06:37.403Z] [runtime-status] [27726] triggerDefinition {"httpsTrigger":{},"name":"auth","entryPoint":"auth"} {"metadata":{"emulator":{"name":"functions"},"function":{"name":"auth"},"message":"[runtime-status] [27726] triggerDefinition {\"httpsTrigger\":{},\"name\":\"auth\",\"entryPoint\":\"auth\"}"}}
[debug] [2020-06-19T20:06:37.403Z] [runtime-status] [27726] Running auth in mode HTTPS {"metadata":{"emulator":{"name":"functions"},"function":{"name":"auth"},"message":"[runtime-status] [27726] Running auth in mode HTTPS"}}
[debug] [2020-06-19T20:06:37.403Z] [runtime-status] [27726] Attempting to listen to socketPath: /tmp/fire_emu_27726.sock {"metadata":{"emulator":{"name":"functions"},"function":{"name":"auth"},"message":"[runtime-status] [27726] Attempting to listen to socketPath: /tmp/fire_emu_27726.sock"}}
[debug] [2020-06-19T20:06:37.404Z] [functions] Runtime ready! Sending request! {"metadata":{"emulator":{"name":"functions"},"message":"[functions] Runtime ready! Sending request!"}}
[debug] [2020-06-19T20:06:37.406Z] [runtime-status] [27726] Ephemeral server handling GET request {"metadata":{"emulator":{"name":"functions"},"function":{"name":"auth"},"message":"[runtime-status] [27726] Ephemeral server handling GET request"}}
[debug] [2020-06-19T20:06:37.406Z] [runtime-status] [27726] Ephemeral server survived. {"metadata":{"emulator":{"name":"functions"},"function":{"name":"auth"},"message":"[runtime-status] [27726] Ephemeral server survived."}}
[info] >  in route {"user":"in route","metadata":{"emulator":{"name":"functions"},"function":{"name":"auth"},"message":"\u001b[90m> \u001b[39m in route"}}
[info] i  functions: Finished "auth" in ~1s {"metadata":{"emulator":{"name":"functions"},"function":{"name":"auth"},"message":"Finished \"auth\" in ~1s"}}
[debug] [2020-06-19T20:06:37.581Z] [worker-auth-e966c852-7429-4f65-a3eb-89af049d871f]: IDLE {"metadata":{"emulator":{"name":"functions"},"message":"[worker-auth-e966c852-7429-4f65-a3eb-89af049d871f]: IDLE"}}
[debug] [2020-06-19T20:06:37.581Z] [work-queue] {"queueLength":0,"workRunningCount":0}
[debug] [2020-06-19T20:07:33.536Z] [work-queue] {"queueLength":1,"workRunningCount":0}
[debug] [2020-06-19T20:07:33.536Z] [work-queue] {"queueLength":0,"workRunningCount":1}
[debug] [2020-06-19T20:07:33.536Z] Accepted request GET /majora-563d6/us-central1/auth/getUsersById?ids=lY0smzxg73M2BItZpGlKbRid4YB2 --> auth
[debug] [2020-06-19T20:07:33.536Z] [worker-pool] submitWork(triggerId=auth) {"metadata":{"emulator":{"name":"functions"},"message":"[worker-pool] submitWork(triggerId=auth)"}}
[debug] [2020-06-19T20:07:33.536Z] [worker-auth-e966c852-7429-4f65-a3eb-89af049d871f]: Assigning socketPath: /tmp/fire_emu_27726.sock {"metadata":{"emulator":{"name":"functions"},"message":"[worker-auth-e966c852-7429-4f65-a3eb-89af049d871f]: Assigning socketPath: /tmp/fire_emu_27726.sock"}}
[debug] [2020-06-19T20:07:33.536Z] [worker-auth-e966c852-7429-4f65-a3eb-89af049d871f]: BUSY {"metadata":{"emulator":{"name":"functions"},"message":"[worker-auth-e966c852-7429-4f65-a3eb-89af049d871f]: BUSY"}}
[debug] [2020-06-19T20:07:33.538Z] [runtime-status] [27726] Trigger "auth" has been found, beginning invocation! {"metadata":{"emulator":{"name":"functions"},"function":{"name":"auth"},"message":"[runtime-status] [27726] Trigger \"auth\" has been found, beginning invocation!"}}
[info] i  functions: Beginning execution of "auth" {"metadata":{"emulator":{"name":"functions"},"function":{"name":"auth"},"message":"Beginning execution of \"auth\""}}
[debug] [2020-06-19T20:07:33.538Z] [runtime-status] [27726] triggerDefinition {"httpsTrigger":{},"name":"auth","entryPoint":"auth"} {"metadata":{"emulator":{"name":"functions"},"function":{"name":"auth"},"message":"[runtime-status] [27726] triggerDefinition {\"httpsTrigger\":{},\"name\":\"auth\",\"entryPoint\":\"auth\"}"}}
[debug] [2020-06-19T20:07:33.538Z] [runtime-status] [27726] Running auth in mode HTTPS {"metadata":{"emulator":{"name":"functions"},"function":{"name":"auth"},"message":"[runtime-status] [27726] Running auth in mode HTTPS"}}
[debug] [2020-06-19T20:07:33.538Z] [runtime-status] [27726] Attempting to listen to socketPath: /tmp/fire_emu_27726.sock {"metadata":{"emulator":{"name":"functions"},"function":{"name":"auth"},"message":"[runtime-status] [27726] Attempting to listen to socketPath: /tmp/fire_emu_27726.sock"}}
[debug] [2020-06-19T20:07:33.539Z] [functions] Runtime ready! Sending request! {"metadata":{"emulator":{"name":"functions"},"message":"[functions] Runtime ready! Sending request!"}}
[debug] [2020-06-19T20:07:33.541Z] [runtime-status] [27726] Ephemeral server handling GET request {"metadata":{"emulator":{"name":"functions"},"function":{"name":"auth"},"message":"[runtime-status] [27726] Ephemeral server handling GET request"}}
[debug] [2020-06-19T20:07:33.542Z] [runtime-status] [27726] Ephemeral server survived. {"metadata":{"emulator":{"name":"functions"},"function":{"name":"auth"},"message":"[runtime-status] [27726] Ephemeral server survived."}}
[info] >  in route {"user":"in route","metadata":{"emulator":{"name":"functions"},"function":{"name":"auth"},"message":"\u001b[90m> \u001b[39m in route"}}
[info] i  functions: Finished "auth" in ~1s {"metadata":{"emulator":{"name":"functions"},"function":{"name":"auth"},"message":"Finished \"auth\" in ~1s"}}
[debug] [2020-06-19T20:07:33.703Z] [worker-auth-e966c852-7429-4f65-a3eb-89af049d871f]: IDLE {"metadata":{"emulator":{"name":"functions"},"message":"[worker-auth-e966c852-7429-4f65-a3eb-89af049d871f]: IDLE"}}
[debug] [2020-06-19T20:07:33.703Z] [work-queue] {"queueLength":0,"workRunningCount":0}
[debug] [2020-06-19T20:07:38.087Z] [work-queue] {"queueLength":1,"workRunningCount":0}
[debug] [2020-06-19T20:07:38.087Z] [work-queue] {"queueLength":0,"workRunningCount":1}
[debug] [2020-06-19T20:07:38.087Z] Accepted request GET /majora-563d6/us-central1/auth/getUsersById?ids=lY0smzxg73M2BItZpGlKbRid4YB2 --> auth
[debug] [2020-06-19T20:07:38.087Z] [worker-pool] submitWork(triggerId=auth) {"metadata":{"emulator":{"name":"functions"},"message":"[worker-pool] submitWork(triggerId=auth)"}}
[debug] [2020-06-19T20:07:38.087Z] [worker-auth-e966c852-7429-4f65-a3eb-89af049d871f]: Assigning socketPath: /tmp/fire_emu_27726.sock {"metadata":{"emulator":{"name":"functions"},"message":"[worker-auth-e966c852-7429-4f65-a3eb-89af049d871f]: Assigning socketPath: /tmp/fire_emu_27726.sock"}}
[debug] [2020-06-19T20:07:38.087Z] [worker-auth-e966c852-7429-4f65-a3eb-89af049d871f]: BUSY {"metadata":{"emulator":{"name":"functions"},"message":"[worker-auth-e966c852-7429-4f65-a3eb-89af049d871f]: BUSY"}}
[debug] [2020-06-19T20:07:38.089Z] [runtime-status] [27726] Trigger "auth" has been found, beginning invocation! {"metadata":{"emulator":{"name":"functions"},"function":{"name":"auth"},"message":"[runtime-status] [27726] Trigger \"auth\" has been found, beginning invocation!"}}
[info] i  functions: Beginning execution of "auth" {"metadata":{"emulator":{"name":"functions"},"function":{"name":"auth"},"message":"Beginning execution of \"auth\""}}
[debug] [2020-06-19T20:07:38.089Z] [runtime-status] [27726] triggerDefinition {"httpsTrigger":{},"name":"auth","entryPoint":"auth"} {"metadata":{"emulator":{"name":"functions"},"function":{"name":"auth"},"message":"[runtime-status] [27726] triggerDefinition {\"httpsTrigger\":{},\"name\":\"auth\",\"entryPoint\":\"auth\"}"}}
[debug] [2020-06-19T20:07:38.089Z] [runtime-status] [27726] Running auth in mode HTTPS {"metadata":{"emulator":{"name":"functions"},"function":{"name":"auth"},"message":"[runtime-status] [27726] Running auth in mode HTTPS"}}
[debug] [2020-06-19T20:07:38.089Z] [runtime-status] [27726] Attempting to listen to socketPath: /tmp/fire_emu_27726.sock {"metadata":{"emulator":{"name":"functions"},"function":{"name":"auth"},"message":"[runtime-status] [27726] Attempting to listen to socketPath: /tmp/fire_emu_27726.sock"}}
[debug] [2020-06-19T20:07:38.089Z] [functions] Runtime ready! Sending request! {"metadata":{"emulator":{"name":"functions"},"message":"[functions] Runtime ready! Sending request!"}}
[debug] [2020-06-19T20:07:38.093Z] [runtime-status] [27726] Ephemeral server handling GET request {"metadata":{"emulator":{"name":"functions"},"function":{"name":"auth"},"message":"[runtime-status] [27726] Ephemeral server handling GET request"}}
[debug] [2020-06-19T20:07:38.093Z] [runtime-status] [27726] Ephemeral server survived. {"metadata":{"emulator":{"name":"functions"},"function":{"name":"auth"},"message":"[runtime-status] [27726] Ephemeral server survived."}}
[info] >  in route {"user":"in route","metadata":{"emulator":{"name":"functions"},"function":{"name":"auth"},"message":"\u001b[90m> \u001b[39m in route"}}
[info] i  functions: Finished "auth" in ~1s {"metadata":{"emulator":{"name":"functions"},"function":{"name":"auth"},"message":"Finished \"auth\" in ~1s"}}
[debug] [2020-06-19T20:07:38.246Z] [worker-auth-e966c852-7429-4f65-a3eb-89af049d871f]: IDLE {"metadata":{"emulator":{"name":"functions"},"message":"[worker-auth-e966c852-7429-4f65-a3eb-89af049d871f]: IDLE"}}
[debug] [2020-06-19T20:07:38.246Z] [work-queue] {"queueLength":0,"workRunningCount":0}
[debug] [2020-06-19T20:07:57.821Z] [work-queue] {"queueLength":1,"workRunningCount":0}
[debug] [2020-06-19T20:07:57.821Z] [work-queue] {"queueLength":0,"workRunningCount":1}
[debug] [2020-06-19T20:07:57.821Z] Accepted request GET /majora-563d6/us-central1/auth/getUsersById?ids=lY0smzxg73M2BItZpGlKbRid4YB2 --> auth
[debug] [2020-06-19T20:07:57.821Z] [worker-pool] submitWork(triggerId=auth) {"metadata":{"emulator":{"name":"functions"},"message":"[worker-pool] submitWork(triggerId=auth)"}}
[debug] [2020-06-19T20:07:57.821Z] [worker-auth-e966c852-7429-4f65-a3eb-89af049d871f]: Assigning socketPath: /tmp/fire_emu_27726.sock {"metadata":{"emulator":{"name":"functions"},"message":"[worker-auth-e966c852-7429-4f65-a3eb-89af049d871f]: Assigning socketPath: /tmp/fire_emu_27726.sock"}}
[debug] [2020-06-19T20:07:57.822Z] [worker-auth-e966c852-7429-4f65-a3eb-89af049d871f]: BUSY {"metadata":{"emulator":{"name":"functions"},"message":"[worker-auth-e966c852-7429-4f65-a3eb-89af049d871f]: BUSY"}}
[debug] [2020-06-19T20:07:57.824Z] [runtime-status] [27726] Trigger "auth" has been found, beginning invocation! {"metadata":{"emulator":{"name":"functions"},"function":{"name":"auth"},"message":"[runtime-status] [27726] Trigger \"auth\" has been found, beginning invocation!"}}
[info] i  functions: Beginning execution of "auth" {"metadata":{"emulator":{"name":"functions"},"function":{"name":"auth"},"message":"Beginning execution of \"auth\""}}
[debug] [2020-06-19T20:07:57.825Z] [runtime-status] [27726] triggerDefinition {"httpsTrigger":{},"name":"auth","entryPoint":"auth"} {"metadata":{"emulator":{"name":"functions"},"function":{"name":"auth"},"message":"[runtime-status] [27726] triggerDefinition {\"httpsTrigger\":{},\"name\":\"auth\",\"entryPoint\":\"auth\"}"}}
[debug] [2020-06-19T20:07:57.825Z] [runtime-status] [27726] Running auth in mode HTTPS {"metadata":{"emulator":{"name":"functions"},"function":{"name":"auth"},"message":"[runtime-status] [27726] Running auth in mode HTTPS"}}
[debug] [2020-06-19T20:07:57.825Z] [runtime-status] [27726] Attempting to listen to socketPath: /tmp/fire_emu_27726.sock {"metadata":{"emulator":{"name":"functions"},"function":{"name":"auth"},"message":"[runtime-status] [27726] Attempting to listen to socketPath: /tmp/fire_emu_27726.sock"}}
[debug] [2020-06-19T20:07:57.825Z] [functions] Runtime ready! Sending request! {"metadata":{"emulator":{"name":"functions"},"message":"[functions] Runtime ready! Sending request!"}}
[debug] [2020-06-19T20:07:57.828Z] [runtime-status] [27726] Ephemeral server handling GET request {"metadata":{"emulator":{"name":"functions"},"function":{"name":"auth"},"message":"[runtime-status] [27726] Ephemeral server handling GET request"}}
[info] >  in route {"user":"in route","metadata":{"emulator":{"name":"functions"},"function":{"name":"auth"},"message":"\u001b[90m> \u001b[39m in route"}}
[debug] [2020-06-19T20:07:57.829Z] [runtime-status] [27726] Ephemeral server survived. {"metadata":{"emulator":{"name":"functions"},"function":{"name":"auth"},"message":"[runtime-status] [27726] Ephemeral server survived."}}
[info] i  functions: Finished "auth" in ~1s {"metadata":{"emulator":{"name":"functions"},"function":{"name":"auth"},"message":"Finished \"auth\" in ~1s"}}
[debug] [2020-06-19T20:07:57.990Z] [worker-auth-e966c852-7429-4f65-a3eb-89af049d871f]: IDLE {"metadata":{"emulator":{"name":"functions"},"message":"[worker-auth-e966c852-7429-4f65-a3eb-89af049d871f]: IDLE"}}
[debug] [2020-06-19T20:07:57.990Z] [work-queue] {"queueLength":0,"workRunningCount":0}
[debug] [2020-06-19T20:08:40.145Z] [work-queue] {"queueLength":1,"workRunningCount":0}
[debug] [2020-06-19T20:08:40.146Z] [work-queue] {"queueLength":0,"workRunningCount":1}
[debug] [2020-06-19T20:08:40.146Z] Accepted request GET /majora-563d6/us-central1/auth/getUsersById?ids=lY0smzxg73M2BItZpGlKbRid4YB2 --> auth
[debug] [2020-06-19T20:08:40.146Z] [worker-pool] submitWork(triggerId=auth) {"metadata":{"emulator":{"name":"functions"},"message":"[worker-pool] submitWork(triggerId=auth)"}}
[debug] [2020-06-19T20:08:40.146Z] [worker-auth-e966c852-7429-4f65-a3eb-89af049d871f]: Assigning socketPath: /tmp/fire_emu_27726.sock {"metadata":{"emulator":{"name":"functions"},"message":"[worker-auth-e966c852-7429-4f65-a3eb-89af049d871f]: Assigning socketPath: /tmp/fire_emu_27726.sock"}}
[debug] [2020-06-19T20:08:40.146Z] [worker-auth-e966c852-7429-4f65-a3eb-89af049d871f]: BUSY {"metadata":{"emulator":{"name":"functions"},"message":"[worker-auth-e966c852-7429-4f65-a3eb-89af049d871f]: BUSY"}}
[debug] [2020-06-19T20:08:40.147Z] [runtime-status] [27726] Trigger "auth" has been found, beginning invocation! {"metadata":{"emulator":{"name":"functions"},"function":{"name":"auth"},"message":"[runtime-status] [27726] Trigger \"auth\" has been found, beginning invocation!"}}
[info] i  functions: Beginning execution of "auth" {"metadata":{"emulator":{"name":"functions"},"function":{"name":"auth"},"message":"Beginning execution of \"auth\""}}
[debug] [2020-06-19T20:08:40.147Z] [runtime-status] [27726] triggerDefinition {"httpsTrigger":{},"name":"auth","entryPoint":"auth"} {"metadata":{"emulator":{"name":"functions"},"function":{"name":"auth"},"message":"[runtime-status] [27726] triggerDefinition {\"httpsTrigger\":{},\"name\":\"auth\",\"entryPoint\":\"auth\"}"}}
[debug] [2020-06-19T20:08:40.147Z] [runtime-status] [27726] Running auth in mode HTTPS {"metadata":{"emulator":{"name":"functions"},"function":{"name":"auth"},"message":"[runtime-status] [27726] Running auth in mode HTTPS"}}
[debug] [2020-06-19T20:08:40.147Z] [runtime-status] [27726] Attempting to listen to socketPath: /tmp/fire_emu_27726.sock {"metadata":{"emulator":{"name":"functions"},"function":{"name":"auth"},"message":"[runtime-status] [27726] Attempting to listen to socketPath: /tmp/fire_emu_27726.sock"}}
[debug] [2020-06-19T20:08:40.148Z] [functions] Runtime ready! Sending request! {"metadata":{"emulator":{"name":"functions"},"message":"[functions] Runtime ready! Sending request!"}}
[debug] [2020-06-19T20:08:40.150Z] [runtime-status] [27726] Ephemeral server handling GET request {"metadata":{"emulator":{"name":"functions"},"function":{"name":"auth"},"message":"[runtime-status] [27726] Ephemeral server handling GET request"}}
[debug] [2020-06-19T20:08:40.151Z] [runtime-status] [27726] Ephemeral server survived. {"metadata":{"emulator":{"name":"functions"},"function":{"name":"auth"},"message":"[runtime-status] [27726] Ephemeral server survived."}}
[info] >  in route {"user":"in route","metadata":{"emulator":{"name":"functions"},"function":{"name":"auth"},"message":"\u001b[90m> \u001b[39m in route"}}
[info] i  functions: Finished "auth" in ~1s {"metadata":{"emulator":{"name":"functions"},"function":{"name":"auth"},"message":"Finished \"auth\" in ~1s"}}
[debug] [2020-06-19T20:08:40.322Z] [worker-auth-e966c852-7429-4f65-a3eb-89af049d871f]: IDLE {"metadata":{"emulator":{"name":"functions"},"message":"[worker-auth-e966c852-7429-4f65-a3eb-89af049d871f]: IDLE"}}
[debug] [2020-06-19T20:08:40.323Z] [work-queue] {"queueLength":0,"workRunningCount":0}
[debug] [2020-06-19T20:08:56.572Z] [work-queue] {"queueLength":1,"workRunningCount":0}
[debug] [2020-06-19T20:08:56.572Z] [work-queue] {"queueLength":0,"workRunningCount":1}
[debug] [2020-06-19T20:08:56.572Z] Accepted request GET /majora-563d6/us-central1/auth/getUsersById?ids=lY0smzxg73M2BItZpGlKbRid4YB2 --> auth
[debug] [2020-06-19T20:08:56.572Z] [worker-pool] submitWork(triggerId=auth) {"metadata":{"emulator":{"name":"functions"},"message":"[worker-pool] submitWork(triggerId=auth)"}}
[debug] [2020-06-19T20:08:56.573Z] [worker-auth-e966c852-7429-4f65-a3eb-89af049d871f]: Assigning socketPath: /tmp/fire_emu_27726.sock {"metadata":{"emulator":{"name":"functions"},"message":"[worker-auth-e966c852-7429-4f65-a3eb-89af049d871f]: Assigning socketPath: /tmp/fire_emu_27726.sock"}}
[debug] [2020-06-19T20:08:56.573Z] [worker-auth-e966c852-7429-4f65-a3eb-89af049d871f]: BUSY {"metadata":{"emulator":{"name":"functions"},"message":"[worker-auth-e966c852-7429-4f65-a3eb-89af049d871f]: BUSY"}}
[debug] [2020-06-19T20:08:56.574Z] [runtime-status] [27726] Trigger "auth" has been found, beginning invocation! {"metadata":{"emulator":{"name":"functions"},"function":{"name":"auth"},"message":"[runtime-status] [27726] Trigger \"auth\" has been found, beginning invocation!"}}
[info] i  functions: Beginning execution of "auth" {"metadata":{"emulator":{"name":"functions"},"function":{"name":"auth"},"message":"Beginning execution of \"auth\""}}
[debug] [2020-06-19T20:08:56.574Z] [runtime-status] [27726] triggerDefinition {"httpsTrigger":{},"name":"auth","entryPoint":"auth"} {"metadata":{"emulator":{"name":"functions"},"function":{"name":"auth"},"message":"[runtime-status] [27726] triggerDefinition {\"httpsTrigger\":{},\"name\":\"auth\",\"entryPoint\":\"auth\"}"}}
[debug] [2020-06-19T20:08:56.574Z] [runtime-status] [27726] Running auth in mode HTTPS {"metadata":{"emulator":{"name":"functions"},"function":{"name":"auth"},"message":"[runtime-status] [27726] Running auth in mode HTTPS"}}
[debug] [2020-06-19T20:08:56.574Z] [runtime-status] [27726] Attempting to listen to socketPath: /tmp/fire_emu_27726.sock {"metadata":{"emulator":{"name":"functions"},"function":{"name":"auth"},"message":"[runtime-status] [27726] Attempting to listen to socketPath: /tmp/fire_emu_27726.sock"}}
[debug] [2020-06-19T20:08:56.574Z] [functions] Runtime ready! Sending request! {"metadata":{"emulator":{"name":"functions"},"message":"[functions] Runtime ready! Sending request!"}}
[debug] [2020-06-19T20:08:56.578Z] [runtime-status] [27726] Ephemeral server handling GET request {"metadata":{"emulator":{"name":"functions"},"function":{"name":"auth"},"message":"[runtime-status] [27726] Ephemeral server handling GET request"}}
[debug] [2020-06-19T20:08:56.578Z] [runtime-status] [27726] Ephemeral server survived. {"metadata":{"emulator":{"name":"functions"},"function":{"name":"auth"},"message":"[runtime-status] [27726] Ephemeral server survived."}}
[info] >  in route {"user":"in route","metadata":{"emulator":{"name":"functions"},"function":{"name":"auth"},"message":"\u001b[90m> \u001b[39m in route"}}
[info] i  functions: Finished "auth" in ~1s {"metadata":{"emulator":{"name":"functions"},"function":{"name":"auth"},"message":"Finished \"auth\" in ~1s"}}
[debug] [2020-06-19T20:08:56.757Z] [worker-auth-e966c852-7429-4f65-a3eb-89af049d871f]: IDLE {"metadata":{"emulator":{"name":"functions"},"message":"[worker-auth-e966c852-7429-4f65-a3eb-89af049d871f]: IDLE"}}
[debug] [2020-06-19T20:08:56.757Z] [work-queue] {"queueLength":0,"workRunningCount":0}
[debug] [2020-06-19T20:09:05.889Z] [work-queue] {"queueLength":1,"workRunningCount":0}
[debug] [2020-06-19T20:09:05.889Z] [work-queue] {"queueLength":0,"workRunningCount":1}
[debug] [2020-06-19T20:09:05.889Z] Accepted request GET /majora-563d6/us-central1/auth/getUsersById?ids=lY0smzxg73M2BItZpGlKbRid4YB2 --> auth
[debug] [2020-06-19T20:09:05.889Z] [worker-pool] submitWork(triggerId=auth) {"metadata":{"emulator":{"name":"functions"},"message":"[worker-pool] submitWork(triggerId=auth)"}}
[debug] [2020-06-19T20:09:05.889Z] [worker-auth-e966c852-7429-4f65-a3eb-89af049d871f]: Assigning socketPath: /tmp/fire_emu_27726.sock {"metadata":{"emulator":{"name":"functions"},"message":"[worker-auth-e966c852-7429-4f65-a3eb-89af049d871f]: Assigning socketPath: /tmp/fire_emu_27726.sock"}}
[debug] [2020-06-19T20:09:05.889Z] [worker-auth-e966c852-7429-4f65-a3eb-89af049d871f]: BUSY {"metadata":{"emulator":{"name":"functions"},"message":"[worker-auth-e966c852-7429-4f65-a3eb-89af049d871f]: BUSY"}}
[debug] [2020-06-19T20:09:05.891Z] [runtime-status] [27726] Trigger "auth" has been found, beginning invocation! {"metadata":{"emulator":{"name":"functions"},"function":{"name":"auth"},"message":"[runtime-status] [27726] Trigger \"auth\" has been found, beginning invocation!"}}
[info] i  functions: Beginning execution of "auth" {"metadata":{"emulator":{"name":"functions"},"function":{"name":"auth"},"message":"Beginning execution of \"auth\""}}
[debug] [2020-06-19T20:09:05.891Z] [runtime-status] [27726] triggerDefinition {"httpsTrigger":{},"name":"auth","entryPoint":"auth"} {"metadata":{"emulator":{"name":"functions"},"function":{"name":"auth"},"message":"[runtime-status] [27726] triggerDefinition {\"httpsTrigger\":{},\"name\":\"auth\",\"entryPoint\":\"auth\"}"}}
[debug] [2020-06-19T20:09:05.891Z] [runtime-status] [27726] Running auth in mode HTTPS {"metadata":{"emulator":{"name":"functions"},"function":{"name":"auth"},"message":"[runtime-status] [27726] Running auth in mode HTTPS"}}
[debug] [2020-06-19T20:09:05.891Z] [runtime-status] [27726] Attempting to listen to socketPath: /tmp/fire_emu_27726.sock {"metadata":{"emulator":{"name":"functions"},"function":{"name":"auth"},"message":"[runtime-status] [27726] Attempting to listen to socketPath: /tmp/fire_emu_27726.sock"}}
[debug] [2020-06-19T20:09:05.892Z] [functions] Runtime ready! Sending request! {"metadata":{"emulator":{"name":"functions"},"message":"[functions] Runtime ready! Sending request!"}}
[debug] [2020-06-19T20:09:05.895Z] [runtime-status] [27726] Ephemeral server handling GET request {"metadata":{"emulator":{"name":"functions"},"function":{"name":"auth"},"message":"[runtime-status] [27726] Ephemeral server handling GET request"}}
[debug] [2020-06-19T20:09:05.895Z] [runtime-status] [27726] Ephemeral server survived. {"metadata":{"emulator":{"name":"functions"},"function":{"name":"auth"},"message":"[runtime-status] [27726] Ephemeral server survived."}}
[info] >  in route {"user":"in route","metadata":{"emulator":{"name":"functions"},"function":{"name":"auth"},"message":"\u001b[90m> \u001b[39m in route"}}
[info] i  functions: Finished "auth" in ~1s {"metadata":{"emulator":{"name":"functions"},"function":{"name":"auth"},"message":"Finished \"auth\" in ~1s"}}
[debug] [2020-06-19T20:09:06.033Z] [worker-auth-e966c852-7429-4f65-a3eb-89af049d871f]: IDLE {"metadata":{"emulator":{"name":"functions"},"message":"[worker-auth-e966c852-7429-4f65-a3eb-89af049d871f]: IDLE"}}
[debug] [2020-06-19T20:09:06.033Z] [work-queue] {"queueLength":0,"workRunningCount":0}
[debug] [2020-06-19T20:09:41.355Z] [work-queue] {"queueLength":1,"workRunningCount":0}
[debug] [2020-06-19T20:09:41.355Z] [work-queue] {"queueLength":0,"workRunningCount":1}
[debug] [2020-06-19T20:09:41.355Z] Accepted request GET /majora-563d6/us-central1/auth/getUsersById?ids=lY0smzxg73M2BItZpGlKbRid4YB2 --> auth
[debug] [2020-06-19T20:09:41.355Z] [worker-pool] submitWork(triggerId=auth) {"metadata":{"emulator":{"name":"functions"},"message":"[worker-pool] submitWork(triggerId=auth)"}}
[debug] [2020-06-19T20:09:41.355Z] [worker-auth-e966c852-7429-4f65-a3eb-89af049d871f]: Assigning socketPath: /tmp/fire_emu_27726.sock {"metadata":{"emulator":{"name":"functions"},"message":"[worker-auth-e966c852-7429-4f65-a3eb-89af049d871f]: Assigning socketPath: /tmp/fire_emu_27726.sock"}}
[debug] [2020-06-19T20:09:41.356Z] [worker-auth-e966c852-7429-4f65-a3eb-89af049d871f]: BUSY {"metadata":{"emulator":{"name":"functions"},"message":"[worker-auth-e966c852-7429-4f65-a3eb-89af049d871f]: BUSY"}}
[debug] [2020-06-19T20:09:41.357Z] [runtime-status] [27726] Trigger "auth" has been found, beginning invocation! {"metadata":{"emulator":{"name":"functions"},"function":{"name":"auth"},"message":"[runtime-status] [27726] Trigger \"auth\" has been found, beginning invocation!"}}
[info] i  functions: Beginning execution of "auth" {"metadata":{"emulator":{"name":"functions"},"function":{"name":"auth"},"message":"Beginning execution of \"auth\""}}
[debug] [2020-06-19T20:09:41.357Z] [runtime-status] [27726] triggerDefinition {"httpsTrigger":{},"name":"auth","entryPoint":"auth"} {"metadata":{"emulator":{"name":"functions"},"function":{"name":"auth"},"message":"[runtime-status] [27726] triggerDefinition {\"httpsTrigger\":{},\"name\":\"auth\",\"entryPoint\":\"auth\"}"}}
[debug] [2020-06-19T20:09:41.357Z] [runtime-status] [27726] Running auth in mode HTTPS {"metadata":{"emulator":{"name":"functions"},"function":{"name":"auth"},"message":"[runtime-status] [27726] Running auth in mode HTTPS"}}
[debug] [2020-06-19T20:09:41.357Z] [runtime-status] [27726] Attempting to listen to socketPath: /tmp/fire_emu_27726.sock {"metadata":{"emulator":{"name":"functions"},"function":{"name":"auth"},"message":"[runtime-status] [27726] Attempting to listen to socketPath: /tmp/fire_emu_27726.sock"}}
[debug] [2020-06-19T20:09:41.358Z] [functions] Runtime ready! Sending request! {"metadata":{"emulator":{"name":"functions"},"message":"[functions] Runtime ready! Sending request!"}}
[debug] [2020-06-19T20:09:41.361Z] [runtime-status] [27726] Ephemeral server handling GET request {"metadata":{"emulator":{"name":"functions"},"function":{"name":"auth"},"message":"[runtime-status] [27726] Ephemeral server handling GET request"}}
[debug] [2020-06-19T20:09:41.361Z] [runtime-status] [27726] Ephemeral server survived. {"metadata":{"emulator":{"name":"functions"},"function":{"name":"auth"},"message":"[runtime-status] [27726] Ephemeral server survived."}}
[info] >  in route {"user":"in route","metadata":{"emulator":{"name":"functions"},"function":{"name":"auth"},"message":"\u001b[90m> \u001b[39m in route"}}
[info] i  functions: Finished "auth" in ~1s {"metadata":{"emulator":{"name":"functions"},"function":{"name":"auth"},"message":"Finished \"auth\" in ~1s"}}
[debug] [2020-06-19T20:09:41.463Z] [worker-auth-e966c852-7429-4f65-a3eb-89af049d871f]: IDLE {"metadata":{"emulator":{"name":"functions"},"message":"[worker-auth-e966c852-7429-4f65-a3eb-89af049d871f]: IDLE"}}
[debug] [2020-06-19T20:09:41.463Z] [work-queue] {"queueLength":0,"workRunningCount":0}
[debug] [2020-06-19T20:09:57.601Z] [work-queue] {"queueLength":1,"workRunningCount":0}
[debug] [2020-06-19T20:09:57.601Z] [work-queue] {"queueLength":0,"workRunningCount":1}
[debug] [2020-06-19T20:09:57.601Z] Accepted request GET /majora-563d6/us-central1/auth/getUsersById?ids=lY0smzxg73M2BItZpGlKbRid4YB2 --> auth
[debug] [2020-06-19T20:09:57.601Z] [worker-pool] submitWork(triggerId=auth) {"metadata":{"emulator":{"name":"functions"},"message":"[worker-pool] submitWork(triggerId=auth)"}}
[debug] [2020-06-19T20:09:57.601Z] [worker-auth-e966c852-7429-4f65-a3eb-89af049d871f]: Assigning socketPath: /tmp/fire_emu_27726.sock {"metadata":{"emulator":{"name":"functions"},"message":"[worker-auth-e966c852-7429-4f65-a3eb-89af049d871f]: Assigning socketPath: /tmp/fire_emu_27726.sock"}}
[debug] [2020-06-19T20:09:57.601Z] [worker-auth-e966c852-7429-4f65-a3eb-89af049d871f]: BUSY {"metadata":{"emulator":{"name":"functions"},"message":"[worker-auth-e966c852-7429-4f65-a3eb-89af049d871f]: BUSY"}}
[debug] [2020-06-19T20:09:57.603Z] [runtime-status] [27726] Trigger "auth" has been found, beginning invocation! {"metadata":{"emulator":{"name":"functions"},"function":{"name":"auth"},"message":"[runtime-status] [27726] Trigger \"auth\" has been found, beginning invocation!"}}
[info] i  functions: Beginning execution of "auth" {"metadata":{"emulator":{"name":"functions"},"function":{"name":"auth"},"message":"Beginning execution of \"auth\""}}
[debug] [2020-06-19T20:09:57.603Z] [runtime-status] [27726] triggerDefinition {"httpsTrigger":{},"name":"auth","entryPoint":"auth"} {"metadata":{"emulator":{"name":"functions"},"function":{"name":"auth"},"message":"[runtime-status] [27726] triggerDefinition {\"httpsTrigger\":{},\"name\":\"auth\",\"entryPoint\":\"auth\"}"}}
[debug] [2020-06-19T20:09:57.603Z] [runtime-status] [27726] Running auth in mode HTTPS {"metadata":{"emulator":{"name":"functions"},"function":{"name":"auth"},"message":"[runtime-status] [27726] Running auth in mode HTTPS"}}
[debug] [2020-06-19T20:09:57.603Z] [runtime-status] [27726] Attempting to listen to socketPath: /tmp/fire_emu_27726.sock {"metadata":{"emulator":{"name":"functions"},"function":{"name":"auth"},"message":"[runtime-status] [27726] Attempting to listen to socketPath: /tmp/fire_emu_27726.sock"}}
[debug] [2020-06-19T20:09:57.603Z] [functions] Runtime ready! Sending request! {"metadata":{"emulator":{"name":"functions"},"message":"[functions] Runtime ready! Sending request!"}}
[debug] [2020-06-19T20:09:57.606Z] [runtime-status] [27726] Ephemeral server handling GET request {"metadata":{"emulator":{"name":"functions"},"function":{"name":"auth"},"message":"[runtime-status] [27726] Ephemeral server handling GET request"}}
[debug] [2020-06-19T20:09:57.606Z] [runtime-status] [27726] Ephemeral server survived. {"metadata":{"emulator":{"name":"functions"},"function":{"name":"auth"},"message":"[runtime-status] [27726] Ephemeral server survived."}}
[info] >  in route {"user":"in route","metadata":{"emulator":{"name":"functions"},"function":{"name":"auth"},"message":"\u001b[90m> \u001b[39m in route"}}
[info] i  functions: Finished "auth" in ~1s {"metadata":{"emulator":{"name":"functions"},"function":{"name":"auth"},"message":"Finished \"auth\" in ~1s"}}
[debug] [2020-06-19T20:09:57.694Z] [worker-auth-e966c852-7429-4f65-a3eb-89af049d871f]: IDLE {"metadata":{"emulator":{"name":"functions"},"message":"[worker-auth-e966c852-7429-4f65-a3eb-89af049d871f]: IDLE"}}
[debug] [2020-06-19T20:09:57.694Z] [work-queue] {"queueLength":0,"workRunningCount":0}
[debug] [2020-06-19T20:10:40.007Z] [work-queue] {"queueLength":1,"workRunningCount":0}
[debug] [2020-06-19T20:10:40.007Z] [work-queue] {"queueLength":0,"workRunningCount":1}
[debug] [2020-06-19T20:10:40.007Z] Accepted request GET /majora-563d6/us-central1/auth/getUsersById?ids=lY0smzxg73M2BItZpGlKbRid4YB2 --> auth
[debug] [2020-06-19T20:10:40.007Z] [worker-pool] submitWork(triggerId=auth) {"metadata":{"emulator":{"name":"functions"},"message":"[worker-pool] submitWork(triggerId=auth)"}}
[debug] [2020-06-19T20:10:40.007Z] [worker-auth-e966c852-7429-4f65-a3eb-89af049d871f]: Assigning socketPath: /tmp/fire_emu_27726.sock {"metadata":{"emulator":{"name":"functions"},"message":"[worker-auth-e966c852-7429-4f65-a3eb-89af049d871f]: Assigning socketPath: /tmp/fire_emu_27726.sock"}}
[debug] [2020-06-19T20:10:40.007Z] [worker-auth-e966c852-7429-4f65-a3eb-89af049d871f]: BUSY {"metadata":{"emulator":{"name":"functions"},"message":"[worker-auth-e966c852-7429-4f65-a3eb-89af049d871f]: BUSY"}}
[debug] [2020-06-19T20:10:40.009Z] [runtime-status] [27726] Trigger "auth" has been found, beginning invocation! {"metadata":{"emulator":{"name":"functions"},"function":{"name":"auth"},"message":"[runtime-status] [27726] Trigger \"auth\" has been found, beginning invocation!"}}
[info] i  functions: Beginning execution of "auth" {"metadata":{"emulator":{"name":"functions"},"function":{"name":"auth"},"message":"Beginning execution of \"auth\""}}
[debug] [2020-06-19T20:10:40.009Z] [runtime-status] [27726] triggerDefinition {"httpsTrigger":{},"name":"auth","entryPoint":"auth"} {"metadata":{"emulator":{"name":"functions"},"function":{"name":"auth"},"message":"[runtime-status] [27726] triggerDefinition {\"httpsTrigger\":{},\"name\":\"auth\",\"entryPoint\":\"auth\"}"}}
[debug] [2020-06-19T20:10:40.009Z] [runtime-status] [27726] Running auth in mode HTTPS {"metadata":{"emulator":{"name":"functions"},"function":{"name":"auth"},"message":"[runtime-status] [27726] Running auth in mode HTTPS"}}
[debug] [2020-06-19T20:10:40.009Z] [runtime-status] [27726] Attempting to listen to socketPath: /tmp/fire_emu_27726.sock {"metadata":{"emulator":{"name":"functions"},"function":{"name":"auth"},"message":"[runtime-status] [27726] Attempting to listen to socketPath: /tmp/fire_emu_27726.sock"}}
[debug] [2020-06-19T20:10:40.009Z] [functions] Runtime ready! Sending request! {"metadata":{"emulator":{"name":"functions"},"message":"[functions] Runtime ready! Sending request!"}}
[debug] [2020-06-19T20:10:40.013Z] [runtime-status] [27726] Ephemeral server handling GET request {"metadata":{"emulator":{"name":"functions"},"function":{"name":"auth"},"message":"[runtime-status] [27726] Ephemeral server handling GET request"}}
[debug] [2020-06-19T20:10:40.013Z] [runtime-status] [27726] Ephemeral server survived. {"metadata":{"emulator":{"name":"functions"},"function":{"name":"auth"},"message":"[runtime-status] [27726] Ephemeral server survived."}}
[info] >  in route {"user":"in route","metadata":{"emulator":{"name":"functions"},"function":{"name":"auth"},"message":"\u001b[90m> \u001b[39m in route"}}
[info] i  functions: Finished "auth" in ~1s {"metadata":{"emulator":{"name":"functions"},"function":{"name":"auth"},"message":"Finished \"auth\" in ~1s"}}
[debug] [2020-06-19T20:10:40.106Z] [worker-auth-e966c852-7429-4f65-a3eb-89af049d871f]: IDLE {"metadata":{"emulator":{"name":"functions"},"message":"[worker-auth-e966c852-7429-4f65-a3eb-89af049d871f]: IDLE"}}
[debug] [2020-06-19T20:10:40.107Z] [work-queue] {"queueLength":0,"workRunningCount":0}
[debug] [2020-06-19T20:16:47.420Z] [work-queue] {"queueLength":1,"workRunningCount":0}
[debug] [2020-06-19T20:16:47.420Z] [work-queue] {"queueLength":0,"workRunningCount":1}
[debug] [2020-06-19T20:16:47.420Z] Accepted request GET /majora-563d6/us-central1/auth/getUsersById?ids= --> auth
[debug] [2020-06-19T20:16:47.420Z] [worker-pool] submitWork(triggerId=auth) {"metadata":{"emulator":{"name":"functions"},"message":"[worker-pool] submitWork(triggerId=auth)"}}
[debug] [2020-06-19T20:16:47.420Z] [worker-auth-e966c852-7429-4f65-a3eb-89af049d871f]: Assigning socketPath: /tmp/fire_emu_27726.sock {"metadata":{"emulator":{"name":"functions"},"message":"[worker-auth-e966c852-7429-4f65-a3eb-89af049d871f]: Assigning socketPath: /tmp/fire_emu_27726.sock"}}
[debug] [2020-06-19T20:16:47.420Z] [worker-auth-e966c852-7429-4f65-a3eb-89af049d871f]: BUSY {"metadata":{"emulator":{"name":"functions"},"message":"[worker-auth-e966c852-7429-4f65-a3eb-89af049d871f]: BUSY"}}
[debug] [2020-06-19T20:16:47.422Z] [runtime-status] [27726] Trigger "auth" has been found, beginning invocation! {"metadata":{"emulator":{"name":"functions"},"function":{"name":"auth"},"message":"[runtime-status] [27726] Trigger \"auth\" has been found, beginning invocation!"}}
[info] i  functions: Beginning execution of "auth" {"metadata":{"emulator":{"name":"functions"},"function":{"name":"auth"},"message":"Beginning execution of \"auth\""}}
[debug] [2020-06-19T20:16:47.422Z] [runtime-status] [27726] triggerDefinition {"httpsTrigger":{},"name":"auth","entryPoint":"auth"} {"metadata":{"emulator":{"name":"functions"},"function":{"name":"auth"},"message":"[runtime-status] [27726] triggerDefinition {\"httpsTrigger\":{},\"name\":\"auth\",\"entryPoint\":\"auth\"}"}}
[debug] [2020-06-19T20:16:47.422Z] [runtime-status] [27726] Running auth in mode HTTPS {"metadata":{"emulator":{"name":"functions"},"function":{"name":"auth"},"message":"[runtime-status] [27726] Running auth in mode HTTPS"}}
[debug] [2020-06-19T20:16:47.422Z] [runtime-status] [27726] Attempting to listen to socketPath: /tmp/fire_emu_27726.sock {"metadata":{"emulator":{"name":"functions"},"function":{"name":"auth"},"message":"[runtime-status] [27726] Attempting to listen to socketPath: /tmp/fire_emu_27726.sock"}}
[debug] [2020-06-19T20:16:47.423Z] [functions] Runtime ready! Sending request! {"metadata":{"emulator":{"name":"functions"},"message":"[functions] Runtime ready! Sending request!"}}
[debug] [2020-06-19T20:16:47.425Z] [runtime-status] [27726] Ephemeral server handling GET request {"metadata":{"emulator":{"name":"functions"},"function":{"name":"auth"},"message":"[runtime-status] [27726] Ephemeral server handling GET request"}}
[info] >  in route {"user":"in route","metadata":{"emulator":{"name":"functions"},"function":{"name":"auth"},"message":"\u001b[90m> \u001b[39m in route"}}
[debug] [2020-06-19T20:16:47.426Z] [runtime-status] [27726] Ephemeral server survived. {"metadata":{"emulator":{"name":"functions"},"function":{"name":"auth"},"message":"[runtime-status] [27726] Ephemeral server survived."}}
[info] i  functions: Finished "auth" in ~1s {"metadata":{"emulator":{"name":"functions"},"function":{"name":"auth"},"message":"Finished \"auth\" in ~1s"}}
[debug] [2020-06-19T20:16:47.428Z] [worker-auth-e966c852-7429-4f65-a3eb-89af049d871f]: IDLE {"metadata":{"emulator":{"name":"functions"},"message":"[worker-auth-e966c852-7429-4f65-a3eb-89af049d871f]: IDLE"}}
[debug] [2020-06-19T20:16:47.428Z] [work-queue] {"queueLength":0,"workRunningCount":0}
[debug] [2020-06-19T20:17:15.722Z] [work-queue] {"queueLength":1,"workRunningCount":0}
[debug] [2020-06-19T20:17:15.722Z] [work-queue] {"queueLength":0,"workRunningCount":1}
[debug] [2020-06-19T20:17:15.722Z] Accepted request GET /majora-563d6/us-central1/auth/getUsersById?ids= --> auth
[debug] [2020-06-19T20:17:15.723Z] [worker-pool] submitWork(triggerId=auth) {"metadata":{"emulator":{"name":"functions"},"message":"[worker-pool] submitWork(triggerId=auth)"}}
[debug] [2020-06-19T20:17:15.723Z] [worker-auth-e966c852-7429-4f65-a3eb-89af049d871f]: Assigning socketPath: /tmp/fire_emu_27726.sock {"metadata":{"emulator":{"name":"functions"},"message":"[worker-auth-e966c852-7429-4f65-a3eb-89af049d871f]: Assigning socketPath: /tmp/fire_emu_27726.sock"}}
[debug] [2020-06-19T20:17:15.723Z] [worker-auth-e966c852-7429-4f65-a3eb-89af049d871f]: BUSY {"metadata":{"emulator":{"name":"functions"},"message":"[worker-auth-e966c852-7429-4f65-a3eb-89af049d871f]: BUSY"}}
[debug] [2020-06-19T20:17:15.723Z] [runtime-status] [27726] Trigger "auth" has been found, beginning invocation! {"metadata":{"emulator":{"name":"functions"},"function":{"name":"auth"},"message":"[runtime-status] [27726] Trigger \"auth\" has been found, beginning invocation!"}}
[info] i  functions: Beginning execution of "auth" {"metadata":{"emulator":{"name":"functions"},"function":{"name":"auth"},"message":"Beginning execution of \"auth\""}}
[debug] [2020-06-19T20:17:15.724Z] [runtime-status] [27726] triggerDefinition {"httpsTrigger":{},"name":"auth","entryPoint":"auth"} {"metadata":{"emulator":{"name":"functions"},"function":{"name":"auth"},"message":"[runtime-status] [27726] triggerDefinition {\"httpsTrigger\":{},\"name\":\"auth\",\"entryPoint\":\"auth\"}"}}
[debug] [2020-06-19T20:17:15.724Z] [runtime-status] [27726] Running auth in mode HTTPS {"metadata":{"emulator":{"name":"functions"},"function":{"name":"auth"},"message":"[runtime-status] [27726] Running auth in mode HTTPS"}}
[debug] [2020-06-19T20:17:15.724Z] [runtime-status] [27726] Attempting to listen to socketPath: /tmp/fire_emu_27726.sock {"metadata":{"emulator":{"name":"functions"},"function":{"name":"auth"},"message":"[runtime-status] [27726] Attempting to listen to socketPath: /tmp/fire_emu_27726.sock"}}
[debug] [2020-06-19T20:17:15.724Z] [functions] Runtime ready! Sending request! {"metadata":{"emulator":{"name":"functions"},"message":"[functions] Runtime ready! Sending request!"}}
[debug] [2020-06-19T20:17:15.727Z] [runtime-status] [27726] Ephemeral server handling GET request {"metadata":{"emulator":{"name":"functions"},"function":{"name":"auth"},"message":"[runtime-status] [27726] Ephemeral server handling GET request"}}
[info] >  in route {"user":"in route","metadata":{"emulator":{"name":"functions"},"function":{"name":"auth"},"message":"\u001b[90m> \u001b[39m in route"}}
[debug] [2020-06-19T20:17:15.728Z] [runtime-status] [27726] Ephemeral server survived. {"metadata":{"emulator":{"name":"functions"},"function":{"name":"auth"},"message":"[runtime-status] [27726] Ephemeral server survived."}}
[info] i  functions: Finished "auth" in ~1s {"metadata":{"emulator":{"name":"functions"},"function":{"name":"auth"},"message":"Finished \"auth\" in ~1s"}}
[debug] [2020-06-19T20:17:15.730Z] [worker-auth-e966c852-7429-4f65-a3eb-89af049d871f]: IDLE {"metadata":{"emulator":{"name":"functions"},"message":"[worker-auth-e966c852-7429-4f65-a3eb-89af049d871f]: IDLE"}}
[debug] [2020-06-19T20:17:15.730Z] [work-queue] {"queueLength":0,"workRunningCount":0}
[debug] [2020-06-19T20:17:53.738Z] [work-queue] {"queueLength":1,"workRunningCount":0}
[debug] [2020-06-19T20:17:53.739Z] [work-queue] {"queueLength":0,"workRunningCount":1}
[debug] [2020-06-19T20:17:53.739Z] Accepted request GET /majora-563d6/us-central1/auth/getUsersById?ids= --> auth
[debug] [2020-06-19T20:17:53.739Z] [worker-pool] submitWork(triggerId=auth) {"metadata":{"emulator":{"name":"functions"},"message":"[worker-pool] submitWork(triggerId=auth)"}}
[debug] [2020-06-19T20:17:53.739Z] [worker-auth-e966c852-7429-4f65-a3eb-89af049d871f]: Assigning socketPath: /tmp/fire_emu_27726.sock {"metadata":{"emulator":{"name":"functions"},"message":"[worker-auth-e966c852-7429-4f65-a3eb-89af049d871f]: Assigning socketPath: /tmp/fire_emu_27726.sock"}}
[debug] [2020-06-19T20:17:53.739Z] [worker-auth-e966c852-7429-4f65-a3eb-89af049d871f]: BUSY {"metadata":{"emulator":{"name":"functions"},"message":"[worker-auth-e966c852-7429-4f65-a3eb-89af049d871f]: BUSY"}}
[debug] [2020-06-19T20:17:53.740Z] [runtime-status] [27726] Trigger "auth" has been found, beginning invocation! {"metadata":{"emulator":{"name":"functions"},"function":{"name":"auth"},"message":"[runtime-status] [27726] Trigger \"auth\" has been found, beginning invocation!"}}
[info] i  functions: Beginning execution of "auth" {"metadata":{"emulator":{"name":"functions"},"function":{"name":"auth"},"message":"Beginning execution of \"auth\""}}
[debug] [2020-06-19T20:17:53.740Z] [runtime-status] [27726] triggerDefinition {"httpsTrigger":{},"name":"auth","entryPoint":"auth"} {"metadata":{"emulator":{"name":"functions"},"function":{"name":"auth"},"message":"[runtime-status] [27726] triggerDefinition {\"httpsTrigger\":{},\"name\":\"auth\",\"entryPoint\":\"auth\"}"}}
[debug] [2020-06-19T20:17:53.740Z] [runtime-status] [27726] Running auth in mode HTTPS {"metadata":{"emulator":{"name":"functions"},"function":{"name":"auth"},"message":"[runtime-status] [27726] Running auth in mode HTTPS"}}
[debug] [2020-06-19T20:17:53.740Z] [runtime-status] [27726] Attempting to listen to socketPath: /tmp/fire_emu_27726.sock {"metadata":{"emulator":{"name":"functions"},"function":{"name":"auth"},"message":"[runtime-status] [27726] Attempting to listen to socketPath: /tmp/fire_emu_27726.sock"}}
[debug] [2020-06-19T20:17:53.741Z] [functions] Runtime ready! Sending request! {"metadata":{"emulator":{"name":"functions"},"message":"[functions] Runtime ready! Sending request!"}}
[debug] [2020-06-19T20:17:53.744Z] [runtime-status] [27726] Ephemeral server handling GET request {"metadata":{"emulator":{"name":"functions"},"function":{"name":"auth"},"message":"[runtime-status] [27726] Ephemeral server handling GET request"}}
[debug] [2020-06-19T20:17:53.744Z] [runtime-status] [27726] Ephemeral server survived. {"metadata":{"emulator":{"name":"functions"},"function":{"name":"auth"},"message":"[runtime-status] [27726] Ephemeral server survived."}}
[info] >  in route {"user":"in route","metadata":{"emulator":{"name":"functions"},"function":{"name":"auth"},"message":"\u001b[90m> \u001b[39m in route"}}
[info] i  functions: Finished "auth" in ~1s {"metadata":{"emulator":{"name":"functions"},"function":{"name":"auth"},"message":"Finished \"auth\" in ~1s"}}
[debug] [2020-06-19T20:17:53.745Z] [worker-auth-e966c852-7429-4f65-a3eb-89af049d871f]: IDLE {"metadata":{"emulator":{"name":"functions"},"message":"[worker-auth-e966c852-7429-4f65-a3eb-89af049d871f]: IDLE"}}
[debug] [2020-06-19T20:17:53.746Z] [work-queue] {"queueLength":0,"workRunningCount":0}
